<?xml version="1.0" encoding="UTF-8"?>
<testng-results skipped="0" failed="0" total="2" passed="2">
  <reporter-output>
  </reporter-output>
  <suite name="Default suite" duration-ms="36727" started-at="2016-07-27T17:09:23Z" finished-at="2016-07-27T17:09:59Z">
    <groups>
    </groups>
    <test name="Default test" duration-ms="36727" started-at="2016-07-27T17:09:23Z" finished-at="2016-07-27T17:09:59Z">
      <class name="com.nlsinc.java.FacebookProject.FacebookTestNG">
        <test-method status="PASS" signature="beforeClass()[pri:0, instance:com.nlsinc.java.FacebookProject.FacebookTestNG@1753acfe]" name="beforeClass" is-config="true" duration-ms="22" started-at="2016-07-27T12:09:23Z" finished-at="2016-07-27T12:09:23Z">
          <reporter-output>
          </reporter-output>
        </test-method> <!-- beforeClass -->
        <test-method status="PASS" signature="DriverInitialization()[pri:0, instance:com.nlsinc.java.FacebookProject.FacebookTestNG@1753acfe]" name="DriverInitialization" duration-ms="19822" started-at="2016-07-27T12:09:23Z" finished-at="2016-07-27T12:09:42Z">
          <reporter-output>
          </reporter-output>
        </test-method> <!-- DriverInitialization -->
        <test-method status="PASS" signature="enterfname()[pri:0, instance:com.nlsinc.java.FacebookProject.FacebookTestNG@1753acfe]" name="enterfname" duration-ms="16863" started-at="2016-07-27T12:09:42Z" finished-at="2016-07-27T12:09:59Z">
          <reporter-output>
          </reporter-output>
        </test-method> <!-- enterfname -->
      </class> <!-- com.nlsinc.java.FacebookProject.FacebookTestNG -->
    </test> <!-- Default test -->
  </suite> <!-- Default suite -->
</testng-results>
